Arguments: 
  /Users/kitagawakeita/.nodebrew/node/v14.17.0/bin/node /Users/kitagawakeita/.nodebrew/current/bin/yarn init

PATH: 
  /Users/kitagawakeita/opt/anaconda3/condabin:/usr/local/opt/mysql@5.7/bin:/usr/local/opt/mysql@5.7/bin:/Users/kitagawakeita/.nodebrew/current/bin:/Users/kitagawakeita/.pyenv/bin:/Users/kitagawakeita/.pyenv/shims:/usr/local/bin:/usr/bin:/bin:/usr/sbin:/sbin

Yarn version: 
  1.22.17

Node version: 
  14.17.0

Platform: 
  darwin x64

Trace: 
  Error: canceled
      at Interface.<anonymous> (/Users/kitagawakeita/.nodebrew/node/v14.17.0/lib/node_modules/yarn/lib/cli.js:137143:13)
      at Interface.emit (events.js:376:20)
      at Interface._ttyWrite (readline.js:880:16)
      at ReadStream.onkeypress (readline.js:213:10)
      at ReadStream.emit (events.js:376:20)
      at emitKeys (internal/readline/utils.js:345:14)
      at emitKeys.next (<anonymous>)
      at ReadStream.onData (readline.js:1149:36)
      at ReadStream.emit (events.js:376:20)
      at addChunk (internal/streams/readable.js:309:12)

npm manifest: 
  No manifest

yarn manifest: 
  No manifest

Lockfile: 
  No lockfile
